<?xml version="1.0" encoding="UTF-8"?>
<testsuite xmlns:xsi="http://www.w3.org/2001/XMLSchema-instance" xsi:noNamespaceSchemaLocation="https://maven.apache.org/surefire/maven-surefire-plugin/xsd/surefire-test-report.xsd" name="TestSuite" time="242.658" tests="4" errors="0" skipped="0" failures="0">
  <properties>
[...]
</properties>
  <testcase name="verify_That_User_Is_Navigated_To_Login_Page_Successfully" classname="com.virgingames.webpages.TestSuit" time="11.178"/>
  <testcase name="verify_That_User_Login_Fails_With_Invalid_Credentials" classname="com.virgingames.webpages.TestSuit" time="8.891"/>
  <testcase name="verify_That_User_Login_Fails_With_Invalid_Credentials" classname="com.virgingames.webpages.TestSuit" time="6.306"/>
  <testcase name="verify_That_User_Login_Fails_With_Invalid_Credentials" classname="com.virgingames.webpages.TestSuit" time="7.693"/>
</testsuite>