<?xml version="1.0" encoding="UTF-8"?>
<!-- Generated by org.testng.reporters.JUnitXMLReporter -->
<testsuite ignored="0" hostname="Jatin" failures="0" tests="4" name="Surefire test" time="238.437" errors="0" timestamp="10 Jun 2019 21:53:44 GMT">
  <testcase classname="com.virgingames.webpages.TestSuit" name="verify_That_User_Is_Navigated_To_Login_Page_Successfully" time="11.165"/>
  <testcase classname="com.virgingames.webpages.TestSuit" name="verify_That_User_Login_Fails_With_Invalid_Credentials" time="8.874"/>
  <testcase classname="com.virgingames.webpages.TestSuit" name="verify_That_User_Login_Fails_With_Invalid_Credentials" time="6.093"/>
  <testcase classname="com.virgingames.webpages.TestSuit" name="verify_That_User_Login_Fails_With_Invalid_Credentials" time="8.714"/>
</testsuite> <!-- Surefire test -->
